INFO  Start processing
INFO  Hexo is running at http://localhost:4000 . Press Ctrl+C to stop.
INFO  Start processing
INFO  Hexo is running at http://localhost:4000 . Press Ctrl+C to stop.
ERROR Process failed: _posts/hexo安装.md
YAMLException: duplicated mapping key at line 6, column -20:
    tags:
    ^
    at generateError (/root/blog/node_modules/js-yaml/lib/js-yaml/loader.js:165:10)
    at throwError (/root/blog/node_modules/js-yaml/lib/js-yaml/loader.js:171:9)
    at storeMappingPair (/root/blog/node_modules/js-yaml/lib/js-yaml/loader.js:308:7)
    at readBlockMapping (/root/blog/node_modules/js-yaml/lib/js-yaml/loader.js:1071:9)
    at composeNode (/root/blog/node_modules/js-yaml/lib/js-yaml/loader.js:1332:12)
    at readDocument (/root/blog/node_modules/js-yaml/lib/js-yaml/loader.js:1492:3)
    at loadDocuments (/root/blog/node_modules/js-yaml/lib/js-yaml/loader.js:1548:5)
    at Object.load (/root/blog/node_modules/js-yaml/lib/js-yaml/loader.js:1569:19)
    at parseYAML (/root/blog/node_modules/hexo-front-matter/lib/front_matter.js:80:21)
    at parse (/root/blog/node_modules/hexo-front-matter/lib/front_matter.js:56:12)
    at Promise.all.spread (/root/blog/node_modules/hexo/lib/plugins/processor/post.js:52:20)
    at tryCatcher (/root/blog/node_modules/bluebird/js/release/util.js:16:23)
    at Promise._settlePromiseFromHandler (/root/blog/node_modules/bluebird/js/release/promise.js:509:35)
    at Promise._settlePromise (/root/blog/node_modules/bluebird/js/release/promise.js:569:18)
    at Promise._settlePromise0 (/root/blog/node_modules/bluebird/js/release/promise.js:614:10)
    at Promise._settlePromises (/root/blog/node_modules/bluebird/js/release/promise.js:694:18)
    at Promise._fulfill (/root/blog/node_modules/bluebird/js/release/promise.js:638:18)
    at PromiseArray._resolve (/root/blog/node_modules/bluebird/js/release/promise_array.js:126:19)
    at PromiseArray._promiseFulfilled (/root/blog/node_modules/bluebird/js/release/promise_array.js:144:14)
    at PromiseArray._iterate (/root/blog/node_modules/bluebird/js/release/promise_array.js:114:31)
    at PromiseArray.init [as _init] (/root/blog/node_modules/bluebird/js/release/promise_array.js:78:10)
    at Promise._settlePromise (/root/blog/node_modules/bluebird/js/release/promise.js:566:21)
INFO  Start processing
INFO  Hexo is running at http://localhost:4000 . Press Ctrl+C to stop.
